<?xml version="1.0" encoding="UTF-8"?>
<!-- Generated by org.testng.reporters.JUnitXMLReporter -->
<testsuite ignored="0" hostname="LAPTOP-65GSV0JB" failures="0" tests="5" name="Test" time="28.896" errors="0" timestamp="2022-03-01T16:06:05 IST">
  <testcase classname="pack123.TestNG" name="@AfterMethod clickOnTheLogOutTab" time="4.161">
    <failure type="org.openqa.selenium.ElementClickInterceptedException" message="element click intercepted: Element &amp;lt;a href=&amp;quot;/logout.do&amp;quot; id=&amp;quot;logoutLink&amp;quot; class=&amp;quot;logout&amp;quot;&amp;gt;...&amp;lt;/a&amp;gt; is not clickable at point (1316, 1). Other element would receive the click: &amp;lt;img src=&amp;quot;/img/default/dialogs/exitconfirm/shade.png?hash=274618146&amp;quot; id=&amp;quot;muar&amp;quot; style=&amp;quot;display: block;&amp;quot;&amp;gt;
  (Session info: chrome=98.0.4758.102)
Build info: version: &amp;apos;3.141.59&amp;apos;, revision: &amp;apos;e82be7d358&amp;apos;, time: &amp;apos;2018-11-14T08:17:03&amp;apos;
System info: host: &amp;apos;LAPTOP-65GSV0JB&amp;apos;, ip: &amp;apos;192.168.1.7&amp;apos;, os.name: &amp;apos;Windows 10&amp;apos;, os.arch: &amp;apos;amd64&amp;apos;, os.version: &amp;apos;10.0&amp;apos;, java.version: &amp;apos;17.0.1&amp;apos;
Driver info: org.openqa.selenium.chrome.ChromeDriver
Capabilities {acceptInsecureCerts: false, browserName: chrome, browserVersion: 98.0.4758.102, chrome: {chromedriverVersion: 97.0.4692.71 (adefa7837d02a..., userDataDir: C:\Users\KSHITI~1\AppData\L...}, goog:chromeOptions: {debuggerAddress: localhost:59909}, javascriptEnabled: true, networkConnectionEnabled: false, pageLoadStrategy: normal, platform: WINDOWS, platformName: WINDOWS, proxy: Proxy(), setWindowRect: true, strictFileInteractability: false, timeouts: {implicit: 0, pageLoad: 300000, script: 30000}, unhandledPromptBehavior: dismiss and notify, webauthn:extension:credBlob: true, webauthn:extension:largeBlob: true, webauthn:virtualAuthenticators: true}
Session ID: 29e7ed350af66c15698e699065090a7a">
      <![CDATA[org.openqa.selenium.ElementClickInterceptedException: element click intercepted: Element <a href="/logout.do" id="logoutLink" class="logout">...</a> is not clickable at point (1316, 1). Other element would receive the click: <img src="/img/default/dialogs/exitconfirm/shade.png?hash=274618146" id="muar" style="display: block;">
  (Session info: chrome=98.0.4758.102)
Build info: version: '3.141.59', revision: 'e82be7d358', time: '2018-11-14T08:17:03'
System info: host: 'LAPTOP-65GSV0JB', ip: '192.168.1.7', os.name: 'Windows 10', os.arch: 'amd64', os.version: '10.0', java.version: '17.0.1'
Driver info: org.openqa.selenium.chrome.ChromeDriver
Capabilities {acceptInsecureCerts: false, browserName: chrome, browserVersion: 98.0.4758.102, chrome: {chromedriverVersion: 97.0.4692.71 (adefa7837d02a..., userDataDir: C:\Users\KSHITI~1\AppData\L...}, goog:chromeOptions: {debuggerAddress: localhost:59909}, javascriptEnabled: true, networkConnectionEnabled: false, pageLoadStrategy: normal, platform: WINDOWS, platformName: WINDOWS, proxy: Proxy(), setWindowRect: true, strictFileInteractability: false, timeouts: {implicit: 0, pageLoad: 300000, script: 30000}, unhandledPromptBehavior: dismiss and notify, webauthn:extension:credBlob: true, webauthn:extension:largeBlob: true, webauthn:virtualAuthenticators: true}
Session ID: 29e7ed350af66c15698e699065090a7a
at org.openqa.selenium.remote.http.W3CHttpResponseCodec.createException(W3CHttpResponseCodec.java:187)
at org.openqa.selenium.remote.http.W3CHttpResponseCodec.decode(W3CHttpResponseCodec.java:122)
at org.openqa.selenium.remote.http.W3CHttpResponseCodec.decode(W3CHttpResponseCodec.java:49)
at org.openqa.selenium.remote.HttpCommandExecutor.execute(HttpCommandExecutor.java:158)
at org.openqa.selenium.remote.service.DriverCommandExecutor.execute(DriverCommandExecutor.java:83)
at org.openqa.selenium.remote.RemoteWebDriver.execute(RemoteWebDriver.java:552)
at org.openqa.selenium.remote.RemoteWebElement.execute(RemoteWebElement.java:285)
at org.openqa.selenium.remote.RemoteWebElement.click(RemoteWebElement.java:84)
at org.openqa.selenium.support.pagefactory.internal.LocatingElementHandler.invoke(LocatingElementHandler.java:51)
at jdk.proxy2/jdk.proxy2.$Proxy14.click(Unknown Source)
at pom.ApplicationHeaderPage.clickOnLogOutTab(ApplicationHeaderPage.java:65)
at pack123.TestNG.clickOnTheLogOutTab(TestNG.java:129)
at java.base/java.util.ArrayList.forEach(ArrayList.java:1511)
... Removed 40 stack frames]]>
    </failure>
  </testcase> <!-- @AfterMethod clickOnTheLogOutTab -->
  <testcase classname="pack123.TestNG" name="@AfterClass closedBrowser" time="-1.646130965142E9">
    <skipped/>
  </testcase> <!-- @AfterClass closedBrowser -->
  <testcase classname="pack123.TestNG" name="verifyOpenTaskPage" time="1.657"/>
  <testcase classname="pack123.TestNG" name="verifyOpenReportPage" time="0.765"/>
  <testcase classname="pack123.TestNG" name="verifyOpenUserPage" time="0.944"/>
  <testcase classname="pack123.TestNG" name="verifyWorkSchedulePage" time="0.698"/>
  <testcase classname="pack123.TestNG" name="verifyTasks" time="2.328"/>
</testsuite> <!-- Test -->
